<?xml version="1.0" encoding="UTF-8"?>
<!-- Generated by org.testng.reporters.JUnitXMLReporter -->
<testsuite ignored="0" hostname="MD-5Q0H9F2" failures="0" tests="21" name="Different testing Feature Test" time="26.6" errors="0" timestamp="2021-06-26T01:07:35 IST">
  <testcase classname="com.test.ExceptionTimeOutTest" name="test1" time="0.004"/>
  <testcase classname="com.test.GoogleTest" name="googleTitleTest" time="0.006"/>
  <testcase classname="com.test.GoogleTest" name="getlogo" time="0.063"/>
  <testcase classname="com.test.GoogleTest" name="getMail" time="0.035"/>
  <testcase classname="com.test.GoogleTest" name="test1" time="0.001"/>
  <testcase classname="com.test.GoogleTest" name="test2" time="0.001"/>
  <testcase classname="com.test.GoogleTest" name="test3" time="0.002"/>
  <testcase classname="com.test.InvocationCountTest" name="test" time="0.001"/>
  <testcase classname="com.test.InvocationCountTest" name="test" time="0.001"/>
  <testcase classname="com.test.InvocationCountTest" name="test" time="0.001"/>
  <testcase classname="com.test.InvocationCountTest" name="test" time="0.001"/>
  <testcase classname="com.test.InvocationCountTest" name="test" time="0.002"/>
  <testcase classname="com.test.InvocationCountTest" name="test" time="0.001"/>
  <testcase classname="com.test.InvocationCountTest" name="test" time="0.001"/>
  <testcase classname="com.test.InvocationCountTest" name="test" time="0.001"/>
  <testcase classname="com.test.InvocationCountTest" name="test" time="0.0"/>
  <testcase classname="com.test.InvocationCountTest" name="test" time="0.001"/>
  <testcase classname="com.test.TestNGBasics" name="searchTest" time="0.001"/>
  <testcase classname="com.test.TestNGBasics" name="googleTitleTest" time="0.002"/>
  <testcase classname="com.test.TestNgMethod" name="loginTest" time="0.0"/>
  <testcase classname="com.test.TestNgMethod" name="HomePage" time="0.001"/>
</testsuite> <!-- Different testing Feature Test -->
