<?xml version="1.0" encoding="UTF-8"?>
<testng-results ignored="0" total="1" passed="1" failed="0" skipped="0">
  <reporter-output>
  </reporter-output>
  <suite started-at="2021-06-26T16:28:18 IST" name="Yahoo App Test" finished-at="2021-06-26T16:28:28 IST" duration-ms="10527">
    <groups>
    </groups>
    <test started-at="2021-06-26T16:28:18 IST" name="Yahoo Test" finished-at="2021-06-26T16:28:28 IST" duration-ms="10527">
      <class name="com.parameterTest.ParameterTest">
        <test-method signature="yahoo(java.lang.String,java.lang.String,java.lang.String)[pri:0, instance:com.parameterTest.ParameterTest@27ae2fd0]" started-at="2021-06-26T16:28:18 IST" name="yahoo" finished-at="2021-06-26T16:28:28 IST" duration-ms="10487" status="PASS">
          <params>
            <param index="0">
              <value>
                <![CDATA[https://ui.cogmento.com/]]>
              </value>
            </param>
            <param index="1">
              <value>
                <![CDATA[hemant.hs828@gmail.com]]>
              </value>
            </param>
            <param index="2">
              <value>
                <![CDATA[.ui.fluid.large.blue.submit.button]]>
              </value>
            </param>
          </params>
          <reporter-output>
          </reporter-output>
        </test-method> <!-- yahoo -->
      </class> <!-- com.parameterTest.ParameterTest -->
    </test> <!-- Yahoo Test -->
  </suite> <!-- Yahoo App Test -->
</testng-results>
